F:\UIUC COURSEWORK\ECE408\FINAL_PROJECT_SOURCE_CODE\TEXTURE_SEGMENTATION\DEBUG\TEXTURE_SEGMENTATION.EXE
F:\UIUC COURSEWORK\ECE408\FINAL_PROJECT_SOURCE_CODE\TEXTURE_SEGMENTATION\DEBUG\TEXTURE_SEGMENTATION.ILK
F:\UIUC COURSEWORK\ECE408\FINAL_PROJECT_SOURCE_CODE\TEXTURE_SEGMENTATION\DEBUG\TEXTURE_SEGMENTATION.PDB
F:\uiuc coursework\ece408\final_project_source_code\texture_segmentation\texture_segmentation\Debug\kernel.cu.cache
F:\uiuc coursework\ece408\final_project_source_code\texture_segmentation\texture_segmentation\Debug\kernel.cu.obj
F:\uiuc coursework\ece408\final_project_source_code\texture_segmentation\texture_segmentation\Debug\link.7056.read.1.tlog
F:\uiuc coursework\ece408\final_project_source_code\texture_segmentation\texture_segmentation\Debug\link.7056.write.1.tlog
F:\uiuc coursework\ece408\final_project_source_code\texture_segmentation\texture_segmentation\Debug\link.7056-cvtres.read.1.tlog
F:\uiuc coursework\ece408\final_project_source_code\texture_segmentation\texture_segmentation\Debug\link.7056-cvtres.write.1.tlog
F:\uiuc coursework\ece408\final_project_source_code\texture_segmentation\texture_segmentation\Debug\link.command.1.tlog
F:\uiuc coursework\ece408\final_project_source_code\texture_segmentation\texture_segmentation\Debug\link.read.1.tlog
F:\uiuc coursework\ece408\final_project_source_code\texture_segmentation\texture_segmentation\Debug\link.write.1.tlog
F:\uiuc coursework\ece408\final_project_source_code\texture_segmentation\texture_segmentation\Debug\link-cvtres.read.1.tlog
F:\uiuc coursework\ece408\final_project_source_code\texture_segmentation\texture_segmentation\Debug\link-cvtres.write.1.tlog
F:\uiuc coursework\ece408\final_project_source_code\texture_segmentation\texture_segmentation\Debug\main.cu.cache
F:\uiuc coursework\ece408\final_project_source_code\texture_segmentation\texture_segmentation\Debug\main.cu.obj
F:\uiuc coursework\ece408\final_project_source_code\texture_segmentation\texture_segmentation\Debug\mt.command.1.tlog
F:\uiuc coursework\ece408\final_project_source_code\texture_segmentation\texture_segmentation\Debug\mt.read.1.tlog
F:\uiuc coursework\ece408\final_project_source_code\texture_segmentation\texture_segmentation\Debug\mt.write.1.tlog
F:\uiuc coursework\ece408\final_project_source_code\texture_segmentation\texture_segmentation\Debug\rc.command.1.tlog
F:\uiuc coursework\ece408\final_project_source_code\texture_segmentation\texture_segmentation\Debug\rc.read.1.tlog
F:\uiuc coursework\ece408\final_project_source_code\texture_segmentation\texture_segmentation\Debug\rc.write.1.tlog
F:\uiuc coursework\ece408\final_project_source_code\texture_segmentation\texture_segmentation\Debug\support.cu.cache
F:\uiuc coursework\ece408\final_project_source_code\texture_segmentation\texture_segmentation\Debug\support.cu.obj
F:\UIUC COURSEWORK\ECE408\FINAL_PROJECT_SOURCE_CODE\TEXTURE_SEGMENTATION\TEXTURE_SEGMENTATION\DEBUG\TEXTURE_SEGMENTATION.EXE.EMBED.MANIFEST
F:\UIUC COURSEWORK\ECE408\FINAL_PROJECT_SOURCE_CODE\TEXTURE_SEGMENTATION\TEXTURE_SEGMENTATION\DEBUG\TEXTURE_SEGMENTATION.EXE.EMBED.MANIFEST.RES
F:\UIUC COURSEWORK\ECE408\FINAL_PROJECT_SOURCE_CODE\TEXTURE_SEGMENTATION\TEXTURE_SEGMENTATION\DEBUG\TEXTURE_SEGMENTATION.EXE.INTERMEDIATE.MANIFEST
F:\uiuc coursework\ece408\final_project_source_code\texture_segmentation\texture_segmentation\Debug\texture_segmentation.vcxprojResolveAssemblyReference.cache
F:\uiuc coursework\ece408\final_project_source_code\texture_segmentation\texture_segmentation\Debug\texture_segmentation.write.1.tlog
F:\uiuc coursework\ece408\final_project_source_code\texture_segmentation\texture_segmentation\Debug\texture_segmentation_manifest.rc
