Build started 11/15/2013 1:53:33 PM.
     1>Project "F:\uiuc coursework\ece408\final_project_source_code\texture_segmentation\texture_segmentation\texture_segmentation.vcxproj" on node 2 (build target(s)).
     1>InitializeBuildStatus:
         Creating "Debug\texture_segmentation.unsuccessfulbuild" because "AlwaysCreate" was specified.
       AddCudaCompileDeps:
       Skipping target "AddCudaCompileDeps" because all output files are up-to-date with respect to the input files.
       AddCudaCompileDeps:
         c:\Program Files (x86)\Microsoft Visual Studio 10.0\VC\bin\cl.exe /E /nologo /showIncludes /TP /D__CUDACC__ /D_MBCS /I"C:\Program Files\NVIDIA GPU Computing Toolkit\CUDA\v5.0\include" /I"C:\Program Files\NVIDIA GPU Computing Toolkit\CUDA\v5.0\bin" /I"C:\Program Files\NVIDIA GPU Computing Toolkit\CUDA\v5.0\include" /I. /FIcuda_runtime.h /c "F:\uiuc coursework\ece408\final_project_source_code\texture_segmentation\texture_segmentation\main.cu" 
       AddCudaCompileDeps:
       Skipping target "AddCudaCompileDeps" because all output files are up-to-date with respect to the input files.
       AddCudaCompilePropsDeps:
       Skipping target "AddCudaCompilePropsDeps" because all output files are up-to-date with respect to the input files.
       AddCudaCompilePropsDeps:
       Skipping target "AddCudaCompilePropsDeps" because all output files are up-to-date with respect to the input files.
       AddCudaCompilePropsDeps:
       Skipping target "AddCudaCompilePropsDeps" because all output files are up-to-date with respect to the input files.
       CudaBuild:
       Skipping target "CudaBuild" because all output files are up-to-date with respect to the input files.
       CudaBuild:
         Compiling CUDA source file main.cu...
         cmd.exe /C "C:\Users\Tan\AppData\Local\Temp\tmpd091a1e1fa7c4e43b66dc579c03910cb.cmd"
         "C:\Program Files\NVIDIA GPU Computing Toolkit\CUDA\v5.0\bin\nvcc.exe" -gencode=arch=compute_10,code=\"sm_10,compute_10\" --use-local-env --cl-version 2010 -ccbin "c:\Program Files (x86)\Microsoft Visual Studio 10.0\VC\bin"  -I"C:\Program Files\NVIDIA GPU Computing Toolkit\CUDA\v5.0\include" -I"C:\Program Files\NVIDIA GPU Computing Toolkit\CUDA\v5.0\include"  -G   --keep-dir "Debug" -maxrregcount=0  --machine 32 --compile  -g   -D_MBCS -Xcompiler "/EHsc /W3 /nologo /Od /Zi /RTC1 /MDd  " -o "Debug\main.cu.obj" "F:\uiuc coursework\ece408\final_project_source_code\texture_segmentation\texture_segmentation\main.cu"
         
         F:\uiuc coursework\ece408\final_project_source_code\texture_segmentation\texture_segmentation>"C:\Program Files\NVIDIA GPU Computing Toolkit\CUDA\v5.0\bin\nvcc.exe" -gencode=arch=compute_10,code=\"sm_10,compute_10\" --use-local-env --cl-version 2010 -ccbin "c:\Program Files (x86)\Microsoft Visual Studio 10.0\VC\bin"  -I"C:\Program Files\NVIDIA GPU Computing Toolkit\CUDA\v5.0\include" -I"C:\Program Files\NVIDIA GPU Computing Toolkit\CUDA\v5.0\include"  -G   --keep-dir "Debug" -maxrregcount=0  --machine 32 --compile  -g   -D_MBCS -Xcompiler "/EHsc /W3 /nologo /Od /Zi /RTC1 /MDd  " -o "Debug\main.cu.obj" "F:\uiuc coursework\ece408\final_project_source_code\texture_segmentation\texture_segmentation\main.cu" 
         main.cu
     1>F:\uiuc coursework\ece408\final_project_source_code\opencv\build\include\opencv2/core/types_c.h(317): warning : variable "t" is used before its value is set
         
     1>F:/uiuc coursework/ece408/final_project_source_code/texture_segmentation/texture_segmentation/main.cu(21): warning : variable "inImHeight" was declared but never referenced
         
     1>F:/uiuc coursework/ece408/final_project_source_code/texture_segmentation/texture_segmentation/main.cu(21): warning : variable "inImWidth" was declared but never referenced
         
     1>F:/uiuc coursework/ece408/final_project_source_code/texture_segmentation/texture_segmentation/main.cu(22): warning : variable "inImData" was declared but never referenced
         
     1>F:/uiuc coursework/ece408/final_project_source_code/texture_segmentation/texture_segmentation/main.cu(28): warning : variable "numIm" was declared but never referenced
         
     1>F:/uiuc coursework/ece408/final_project_source_code/texture_segmentation/texture_segmentation/main.cu(29): warning : variable "runMode" was declared but never referenced
         
         tmpxft_000024dc_00000000-2_main.cudafe1.gpu
         tmpxft_000024dc_00000000-7_main.cudafe2.gpu
         main.cu
     1>F:\uiuc coursework\ece408\final_project_source_code\opencv\build\include\opencv2/core/types_c.h(317): warning : variable "t" is used before its value is set
         
     1>f:\uiuc coursework\ece408\final_project_source_code\opencv\build\include\opencv2\flann\lsh_table.h(215): warning : statement is unreachable
         
     1>f:\uiuc coursework\ece408\final_project_source_code\opencv\build\include\opencv2\flann\lsh_table.h(220): warning : statement is unreachable
         
     1>f:\uiuc coursework\ece408\final_project_source_code\opencv\build\include\opencv2\flann\lsh_table.h(229): warning : statement is unreachable
         
     1>f:\uiuc coursework\ece408\final_project_source_code\opencv\build\include\opencv2\flann\index_testing.h(248): warning : variable "p1" was set but never used
         
     1>F:\uiuc coursework\ece408\final_project_source_code\opencv\build\include\opencv2/flann/flann.hpp(257): warning : missing return statement at end of non-void function "cv::flann::Index_<T>::veclen"
         
     1>F:\uiuc coursework\ece408\final_project_source_code\opencv\build\include\opencv2/flann/flann.hpp(263): warning : missing return statement at end of non-void function "cv::flann::Index_<T>::size"
         
     1>F:\uiuc coursework\ece408\final_project_source_code\opencv\build\include\opencv2/flann/flann.hpp(270): warning : missing return statement at end of non-void function "cv::flann::Index_<T>::getParameters"
         
     1>F:\uiuc coursework\ece408\final_project_source_code\opencv\build\include\opencv2/flann/flann.hpp(276): warning : missing return statement at end of non-void function "cv::flann::Index_<T>::getIndexParameters"
         
     1>F:\uiuc coursework\ece408\final_project_source_code\opencv\build\include\opencv2/flann/flann.hpp(362): warning : missing return statement at end of non-void function "cv::flann::Index_<T>::radiusSearch(const std::vector<cvflann::L2<T>::ElementType, std::allocator<cvflann::L2<T>::ElementType>> &, std::vector<int, std::allocator<int>> &, std::vector<cvflann::L2<T>::ResultType, std::allocator<cvflann::L2<T>::ResultType>> &, cv::flann::Index_<T>::DistanceType, const cvflann::SearchParams &)"
         
     1>F:\uiuc coursework\ece408\final_project_source_code\opencv\build\include\opencv2/flann/flann.hpp(381): warning : missing return statement at end of non-void function "cv::flann::Index_<T>::radiusSearch(const cv::Mat &, cv::Mat &, cv::Mat &, cv::flann::Index_<T>::DistanceType, const cvflann::SearchParams &)"
         
     1>F:\uiuc coursework\ece408\final_project_source_code\opencv\build\include\opencv2/flann/flann.hpp(421): warning : missing return statement at end of non-void function "cv::flann::hierarchicalClustering<ELEM_TYPE,DIST_TYPE>(const cv::Mat &, cv::Mat &, const cvflann::KMeansIndexParams &)"
         
     1>F:/uiuc coursework/ece408/final_project_source_code/texture_segmentation/texture_segmentation/main.cu(21): warning : variable "inImHeight" was declared but never referenced
         
     1>F:/uiuc coursework/ece408/final_project_source_code/texture_segmentation/texture_segmentation/main.cu(21): warning : variable "inImWidth" was declared but never referenced
         
     1>F:/uiuc coursework/ece408/final_project_source_code/texture_segmentation/texture_segmentation/main.cu(22): warning : variable "inImData" was declared but never referenced
         
     1>F:/uiuc coursework/ece408/final_project_source_code/texture_segmentation/texture_segmentation/main.cu(28): warning : variable "numIm" was declared but never referenced
         
     1>F:/uiuc coursework/ece408/final_project_source_code/texture_segmentation/texture_segmentation/main.cu(29): warning : variable "runMode" was declared but never referenced
         
         tmpxft_000024dc_00000000-2_main.cudafe1.cpp
         tmpxft_000024dc_00000000-12_main.ii
     1>f:\uiuc coursework\ece408\final_project_source_code\texture_segmentation\texture_segmentation\support.h(112): warning C4018: '<' : signed/unsigned mismatch
     1>f:\uiuc coursework\ece408\final_project_source_code\texture_segmentation\texture_segmentation\support.h(114): warning C4018: '<' : signed/unsigned mismatch
     1>f:\uiuc coursework\ece408\final_project_source_code\texture_segmentation\texture_segmentation\support.h(129): warning C4244: 'initializing' : conversion from 'double' to 'float', possible loss of data
     1>f:\uiuc coursework\ece408\final_project_source_code\texture_segmentation\texture_segmentation\support.h(132): warning C4018: '<' : signed/unsigned mismatch
     1>f:\uiuc coursework\ece408\final_project_source_code\texture_segmentation\texture_segmentation\support.h(134): warning C4018: '<' : signed/unsigned mismatch
     1>f:\uiuc coursework\ece408\final_project_source_code\texture_segmentation\texture_segmentation\support.h(152): warning C4244: 'initializing' : conversion from 'double' to 'float', possible loss of data
     1>f:\uiuc coursework\ece408\final_project_source_code\texture_segmentation\texture_segmentation\support.h(155): warning C4018: '<' : signed/unsigned mismatch
     1>f:\uiuc coursework\ece408\final_project_source_code\texture_segmentation\texture_segmentation\support.h(157): warning C4018: '<' : signed/unsigned mismatch
     1>f:\uiuc coursework\ece408\final_project_source_code\texture_segmentation\texture_segmentation\support.h(172): warning C4018: '<' : signed/unsigned mismatch
     1>f:\uiuc coursework\ece408\final_project_source_code\texture_segmentation\texture_segmentation\support.h(174): warning C4018: '<' : signed/unsigned mismatch
     1>f:\uiuc coursework\ece408\final_project_source_code\texture_segmentation\texture_segmentation\support.h(192): warning C4018: '<' : signed/unsigned mismatch
     1>f:\uiuc coursework\ece408\final_project_source_code\texture_segmentation\texture_segmentation\support.h(193): warning C4018: '<' : signed/unsigned mismatch
     1>f:\uiuc coursework\ece408\final_project_source_code\texture_segmentation\texture_segmentation\support.h(200): warning C4018: '<' : signed/unsigned mismatch
     1>f:\uiuc coursework\ece408\final_project_source_code\texture_segmentation\texture_segmentation\support.h(201): warning C4018: '<' : signed/unsigned mismatch
     1>f:\uiuc coursework\ece408\final_project_source_code\texture_segmentation\texture_segmentation\support.h(205): warning C4018: '<' : signed/unsigned mismatch
     1>f:\uiuc coursework\ece408\final_project_source_code\texture_segmentation\texture_segmentation\support.h(206): warning C4018: '<' : signed/unsigned mismatch
     1>f:\uiuc coursework\ece408\final_project_source_code\texture_segmentation\texture_segmentation\support.h(209): warning C4018: '<' : signed/unsigned mismatch
     1>f:\uiuc coursework\ece408\final_project_source_code\texture_segmentation\texture_segmentation\support.h(210): warning C4018: '<' : signed/unsigned mismatch
     1>f:\uiuc coursework\ece408\final_project_source_code\texture_segmentation\texture_segmentation\support.h(223): warning C4018: '<' : signed/unsigned mismatch
     1>f:\uiuc coursework\ece408\final_project_source_code\texture_segmentation\texture_segmentation\support.h(225): warning C4018: '<' : signed/unsigned mismatch
     1>F:/uiuc coursework/ece408/final_project_source_code/texture_segmentation/texture_segmentation/main.cu(51): warning C4244: 'initializing' : conversion from 'float' to 'unsigned int', possible loss of data
     1>F:/uiuc coursework/ece408/final_project_source_code/texture_segmentation/texture_segmentation/main.cu(29): warning C4101: 'runMode' : unreferenced local variable
         Deleting file "tmpxft_000024dc_00000000-8_main.cpp3.o".
       CudaBuild:
       Skipping target "CudaBuild" because all output files are up-to-date with respect to the input files.
       ManifestResourceCompile:
         All outputs are up-to-date.
       Link:
         c:\Program Files (x86)\Microsoft Visual Studio 10.0\VC\bin\link.exe /ERRORREPORT:PROMPT /OUT:"F:\uiuc coursework\ece408\final_project_source_code\texture_segmentation\Debug\texture_segmentation.exe" /INCREMENTAL /NOLOGO /LIBPATH:..\..\opencv\build\x86\vc10\lib /LIBPATH:..\..\opencv\build\x86\vc10\bin /LIBPATH:"C:\Program Files\NVIDIA GPU Computing Toolkit\CUDA\v5.0\lib\Win32" cudart.lib kernel32.lib user32.lib gdi32.lib winspool.lib comdlg32.lib advapi32.lib shell32.lib ole32.lib oleaut32.lib uuid.lib odbc32.lib odbccp32.lib opencv_core246d.lib opencv_imgproc246d.lib opencv_highgui246d.lib opencv_ml246d.lib opencv_video246d.lib opencv_gpu246d.lib opencv_flann246d.lib opencv_features2d246d.lib kernel32.lib user32.lib gdi32.lib winspool.lib comdlg32.lib advapi32.lib shell32.lib ole32.lib oleaut32.lib uuid.lib odbc32.lib odbccp32.lib /MANIFEST /ManifestFile:"Debug\texture_segmentation.exe.intermediate.manifest" /MANIFESTUAC:"level='asInvoker' uiAccess='false'" /DEBUG /PDB:"F:\uiuc coursework\ece408\final_project_source_code\texture_segmentation\Debug\texture_segmentation.pdb" /SUBSYSTEM:CONSOLE /TLBID:1 /DYNAMICBASE /NXCOMPAT /IMPLIB:"F:\uiuc coursework\ece408\final_project_source_code\texture_segmentation\Debug\texture_segmentation.lib" /MACHINE:X86 Debug\kernel.cu.obj
         Debug\main.cu.obj
         Debug\support.cu.obj
         Debug\texture_segmentation.exe.embed.manifest.res
       Manifest:
         C:\Program Files (x86)\Microsoft SDKs\Windows\v7.0A\bin\mt.exe /nologo /verbose /out:"Debug\texture_segmentation.exe.embed.manifest" /manifest Debug\texture_segmentation.exe.intermediate.manifest
         All outputs are up-to-date.
       LinkEmbedManifest:
         All outputs are up-to-date.
         texture_segmentation.vcxproj -> F:\uiuc coursework\ece408\final_project_source_code\texture_segmentation\Debug\texture_segmentation.exe
       PostBuildEvent:
         echo copy "C:\Program Files\NVIDIA GPU Computing Toolkit\CUDA\v5.0\bin\cudart*.dll" "F:\uiuc coursework\ece408\final_project_source_code\texture_segmentation\Debug\"
         copy "C:\Program Files\NVIDIA GPU Computing Toolkit\CUDA\v5.0\bin\cudart*.dll" "F:\uiuc coursework\ece408\final_project_source_code\texture_segmentation\Debug\"
         :VCEnd
         copy "C:\Program Files\NVIDIA GPU Computing Toolkit\CUDA\v5.0\bin\cudart*.dll" "F:\uiuc coursework\ece408\final_project_source_code\texture_segmentation\Debug\"
         C:\Program Files\NVIDIA GPU Computing Toolkit\CUDA\v5.0\bin\cudart32_50_35.dll
         C:\Program Files\NVIDIA GPU Computing Toolkit\CUDA\v5.0\bin\cudart64_50_35.dll
                 2 file(s) copied.
       FinalizeBuildStatus:
         Deleting file "Debug\texture_segmentation.unsuccessfulbuild".
         Touching "Debug\texture_segmentation.lastbuildstate".
     1>Done Building Project "F:\uiuc coursework\ece408\final_project_source_code\texture_segmentation\texture_segmentation\texture_segmentation.vcxproj" (build target(s)).

Build succeeded.

Time Elapsed 00:00:13.97
